0 info it worked if it ends with ok
1 verbose cli [ 'node', '/usr/local/bin/npm', 'install', '-g', 'edpx---help' ]
2 info using npm@2.10.1
3 info using node@v0.10.30
4 verbose node symlink /usr/local/bin/node
5 verbose install initial load of /usr/local/lib/package.json
6 verbose readDependencies loading dependencies from /usr/local/lib/package.json
7 silly cache add args [ 'edpx---help', null ]
8 verbose cache add spec edpx---help
9 silly cache add parsed spec { raw: 'edpx---help',
9 silly cache add   scope: null,
9 silly cache add   name: 'edpx---help',
9 silly cache add   rawSpec: '',
9 silly cache add   spec: '*',
9 silly cache add   type: 'range' }
10 silly addNamed edpx---help@*
11 verbose addNamed "*" is a valid semver range for edpx---help
12 silly addNameRange { name: 'edpx---help', range: '*', hasData: false }
13 silly mapToRegistry name edpx---help
14 silly mapToRegistry using default registry
15 silly mapToRegistry registry http://registry.npmjs.org/
16 silly mapToRegistry uri http://registry.npmjs.org/edpx---help
17 verbose addNameRange registry:http://registry.npmjs.org/edpx---help not in flight; fetching
18 verbose request uri http://registry.npmjs.org/edpx---help
19 verbose request no auth needed
20 info attempt registry request try #1 at 14:08:31
21 verbose request id ddddd62cdd9632b9
22 http request GET http://registry.npmjs.org/edpx---help
23 http 404 http://registry.npmjs.org/edpx---help
24 verbose headers { 'content-type': 'application/json',
24 verbose headers   'cache-control': 'max-age=0',
24 verbose headers   'content-length': '2',
24 verbose headers   'accept-ranges': 'bytes',
24 verbose headers   date: 'Tue, 22 Sep 2015 06:08:21 GMT',
24 verbose headers   via: '1.1 varnish',
24 verbose headers   age: '0',
24 verbose headers   connection: 'keep-alive',
24 verbose headers   'x-served-by': 'cache-itm7425-ITM',
24 verbose headers   'x-cache': 'MISS',
24 verbose headers   'x-cache-hits': '0',
24 verbose headers   'x-timer': 'S1442902101.712574,VS0,VE186' }
25 silly get cb [ 404,
25 silly get   { 'content-type': 'application/json',
25 silly get     'cache-control': 'max-age=0',
25 silly get     'content-length': '2',
25 silly get     'accept-ranges': 'bytes',
25 silly get     date: 'Tue, 22 Sep 2015 06:08:21 GMT',
25 silly get     via: '1.1 varnish',
25 silly get     age: '0',
25 silly get     connection: 'keep-alive',
25 silly get     'x-served-by': 'cache-itm7425-ITM',
25 silly get     'x-cache': 'MISS',
25 silly get     'x-cache-hits': '0',
25 silly get     'x-timer': 'S1442902101.712574,VS0,VE186' } ]
26 verbose stack Error: Registry returned 404 for GET on http://registry.npmjs.org/edpx---help
26 verbose stack     at CachingRegistryClient.<anonymous> (/usr/local/lib/node_modules/npm/node_modules/npm-registry-client/lib/request.js:239:14)
26 verbose stack     at Request._callback (/usr/local/lib/node_modules/npm/node_modules/npm-registry-client/lib/request.js:170:14)
26 verbose stack     at Request.self.callback (/usr/local/lib/node_modules/npm/node_modules/request/request.js:368:22)
26 verbose stack     at Request.emit (events.js:98:17)
26 verbose stack     at Request.<anonymous> (/usr/local/lib/node_modules/npm/node_modules/request/request.js:1219:14)
26 verbose stack     at Request.emit (events.js:117:20)
26 verbose stack     at IncomingMessage.<anonymous> (/usr/local/lib/node_modules/npm/node_modules/request/request.js:1167:12)
26 verbose stack     at IncomingMessage.emit (events.js:117:20)
26 verbose stack     at _stream_readable.js:938:16
26 verbose stack     at process._tickCallback (node.js:419:13)
27 verbose statusCode 404
28 verbose pkgid edpx---help
29 verbose cwd /Users/baidu/lixq/test/numCompute
30 error Darwin 14.3.0
31 error argv "node" "/usr/local/bin/npm" "install" "-g" "edpx---help"
32 error node v0.10.30
33 error npm  v2.10.1
34 error code E404
35 error 404 Registry returned 404 for GET on http://registry.npmjs.org/edpx---help
35 error 404
35 error 404 'edpx---help' is not in the npm registry.
35 error 404 You should bug the author to publish it (or use the name yourself!)
35 error 404
35 error 404 Note that you can also install from a
35 error 404 tarball, folder, http url, or git url.
36 verbose exit [ 1, true ]
